[2023-06-30 15:19:05,624: INFO: main: testing logging]
[2023-06-30 17:16:16,580: INFO: common: yaml file: config\config.yaml loaded successfully]
[2023-06-30 17:16:16,590: INFO: common: yaml file: params.yaml loaded successfully]
[2023-06-30 17:19:16,681: INFO: common: yaml file: config\config.yaml loaded successfully]
[2023-06-30 17:19:16,683: INFO: common: yaml file: params.yaml loaded successfully]
[2023-06-30 17:22:53,749: INFO: common: yaml file: config\config.yaml loaded successfully]
[2023-06-30 17:22:53,752: INFO: common: yaml file: params.yaml loaded successfully]
[2023-06-30 17:23:53,439: INFO: common: yaml file: config\config.yaml loaded successfully]
[2023-06-30 17:23:53,450: INFO: common: yaml file: params.yaml loaded successfully]
[2023-06-30 17:25:41,245: INFO: common: yaml file: config\config.yaml loaded successfully]
[2023-06-30 17:25:41,254: INFO: common: yaml file: params.yaml loaded successfully]
[2023-06-30 17:25:41,258: INFO: common: created directory at: artifacts]
[2023-06-30 17:25:41,259: INFO: common: created directory at: artifacts/data_ingestion]
[2023-06-30 17:26:11,307: INFO: common: yaml file: config\config.yaml loaded successfully]
[2023-06-30 17:26:11,311: INFO: common: yaml file: params.yaml loaded successfully]
[2023-06-30 17:26:11,313: INFO: common: created directory at: artifacts]
[2023-06-30 17:26:11,316: INFO: common: created directory at: artifacts/data_ingestion]
[2023-06-30 17:27:22,082: INFO: common: yaml file: config\config.yaml loaded successfully]
[2023-06-30 17:27:22,087: INFO: common: yaml file: params.yaml loaded successfully]
[2023-06-30 17:27:22,089: INFO: common: created directory at: artifacts]
[2023-06-30 17:27:22,090: INFO: common: created directory at: artifacts/data_ingestion]
[2023-06-30 17:29:52,366: INFO: common: yaml file: config\config.yaml loaded successfully]
[2023-06-30 17:29:52,371: INFO: common: yaml file: params.yaml loaded successfully]
[2023-06-30 17:29:52,373: INFO: common: created directory at: artifacts]
[2023-06-30 17:29:52,375: INFO: common: created directory at: artifacts/data_ingestion]
[2023-06-30 17:39:14,265: INFO: common: yaml file: config\config.yaml loaded successfully]
[2023-06-30 17:39:14,268: INFO: common: yaml file: params.yaml loaded successfully]
[2023-06-30 17:39:14,269: INFO: common: created directory at: artifacts]
[2023-06-30 17:39:14,271: INFO: common: created directory at: artifacts/data_ingestion]
[2023-06-30 17:42:08,996: INFO: common: yaml file: config\config.yaml loaded successfully]
[2023-06-30 17:42:09,000: INFO: common: yaml file: params.yaml loaded successfully]
[2023-06-30 17:42:09,001: INFO: common: created directory at: artifacts]
[2023-06-30 17:42:09,003: INFO: common: created directory at: artifacts/data_ingestion]
[2023-06-30 17:53:03,747: INFO: common: yaml file: config\config.yaml loaded successfully]
[2023-06-30 17:53:03,751: INFO: common: yaml file: params.yaml loaded successfully]
[2023-06-30 17:53:03,752: INFO: common: created directory at: artifacts]
[2023-06-30 17:53:03,754: INFO: common: created directory at: artifacts/data_ingestion]
[2023-06-30 17:56:31,064: INFO: common: yaml file: config\config.yaml loaded successfully]
[2023-06-30 17:56:31,076: INFO: common: yaml file: params.yaml loaded successfully]
[2023-06-30 17:56:31,078: INFO: common: created directory at: artifacts]
[2023-06-30 17:56:31,078: INFO: common: created directory at: artifacts/data_ingestion]
[2023-06-30 17:58:21,898: INFO: common: yaml file: config\config.yaml loaded successfully]
[2023-06-30 17:58:21,901: INFO: common: yaml file: params.yaml loaded successfully]
[2023-06-30 17:58:21,904: INFO: common: created directory at: artifacts]
[2023-06-30 17:58:21,906: INFO: common: created directory at: artifacts/data_ingestion]
[2023-06-30 21:59:35,119: INFO: common: yaml file: config\config.yaml loaded successfully]
[2023-06-30 21:59:35,134: INFO: common: yaml file: params.yaml loaded successfully]
[2023-06-30 21:59:35,134: INFO: common: created directory at: artifacts]
[2023-06-30 21:59:35,134: INFO: common: created directory at: artifacts/data_ingestion]
[2023-07-01 16:45:14,702: INFO: common: yaml file: config\config.yaml loaded successfully]
[2023-07-01 16:45:14,714: INFO: common: yaml file: params.yaml loaded successfully]
[2023-07-01 16:45:14,716: INFO: common: created directory at: artifacts]
[2023-07-01 16:45:14,718: INFO: common: created directory at: artifacts/data_ingestion]
[2023-07-03 11:36:11,733: INFO: common: yaml file: config\config.yaml loaded successfully]
[2023-07-03 11:36:11,752: INFO: common: yaml file: params.yaml loaded successfully]
[2023-07-03 11:36:11,755: INFO: common: created directory at: artifacts]
[2023-07-03 11:36:11,758: INFO: common: created directory at: artifacts/data_validation]
[2023-07-03 11:37:13,312: INFO: common: yaml file: config\config.yaml loaded successfully]
[2023-07-03 11:37:13,316: INFO: common: yaml file: params.yaml loaded successfully]
[2023-07-03 11:37:13,317: INFO: common: created directory at: artifacts]
[2023-07-03 11:37:13,319: INFO: common: created directory at: artifacts/data_validation]
[2023-07-03 11:40:51,171: INFO: common: yaml file: config\config.yaml loaded successfully]
[2023-07-03 11:40:51,177: INFO: common: yaml file: params.yaml loaded successfully]
[2023-07-03 11:40:51,179: INFO: common: created directory at: artifacts]
[2023-07-03 11:40:51,182: INFO: common: created directory at: artifacts/data_ingestion]
[2023-07-03 11:43:33,185: INFO: 1434958058: artifacts/data_ingestion/data.zip download! with following info: 
Connection: close
Content-Length: 23627009
Cache-Control: max-age=300
Content-Security-Policy: default-src 'none'; style-src 'unsafe-inline'; sandbox
Content-Type: application/zip
ETag: "2e7409b328d118a1d37018be788babf8bf9640386387da766ac100e96efa3b93"
Strict-Transport-Security: max-age=31536000
X-Content-Type-Options: nosniff
X-Frame-Options: deny
X-XSS-Protection: 1; mode=block
X-GitHub-Request-Id: 6CAC:875E:31A2C6F:33ABA0D:64A26669
Accept-Ranges: bytes
Date: Mon, 03 Jul 2023 06:10:58 GMT
Via: 1.1 varnish
X-Served-By: cache-mad22028-MAD
X-Cache: MISS
X-Cache-Hits: 0
X-Timer: S1688364657.208369,VS0,VE1253
Vary: Authorization,Accept-Encoding,Origin
Access-Control-Allow-Origin: *
Cross-Origin-Resource-Policy: cross-origin
X-Fastly-Request-ID: 3c8fdcb2ab7ce41d28b102facbfbef7d26d80211
Expires: Mon, 03 Jul 2023 06:15:58 GMT
Source-Age: 1

]
[2023-07-03 11:46:29,496: INFO: common: yaml file: config\config.yaml loaded successfully]
[2023-07-03 11:46:29,500: INFO: common: yaml file: params.yaml loaded successfully]
[2023-07-03 11:46:29,503: INFO: common: created directory at: artifacts]
[2023-07-03 11:46:29,505: INFO: common: created directory at: artifacts/data_ingestion]
[2023-07-03 11:46:29,508: INFO: 1434958058: File already exists of size: ~ 0 KB]
[2023-07-03 11:46:55,301: INFO: common: yaml file: config\config.yaml loaded successfully]
[2023-07-03 11:46:55,305: INFO: common: yaml file: params.yaml loaded successfully]
[2023-07-03 11:46:55,308: INFO: common: created directory at: artifacts]
[2023-07-03 11:46:55,311: INFO: common: created directory at: artifacts/data_ingestion]
[2023-07-03 11:46:55,314: INFO: 1434958058: File already exists of size: ~ 0 KB]
[2023-07-03 11:47:12,092: INFO: common: yaml file: config\config.yaml loaded successfully]
[2023-07-03 11:47:12,097: INFO: common: yaml file: params.yaml loaded successfully]
[2023-07-03 11:47:12,099: INFO: common: created directory at: artifacts]
[2023-07-03 11:47:12,102: INFO: common: created directory at: artifacts/data_ingestion]
[2023-07-03 11:47:12,104: INFO: 1434958058: File already exists of size: ~ 0 KB]
[2023-07-03 11:47:18,878: INFO: common: yaml file: config\config.yaml loaded successfully]
[2023-07-03 11:47:18,882: INFO: common: yaml file: params.yaml loaded successfully]
[2023-07-03 11:47:18,885: INFO: common: created directory at: artifacts]
[2023-07-03 11:47:18,888: INFO: common: created directory at: artifacts/data_ingestion]
[2023-07-03 11:47:18,890: INFO: 1434958058: File already exists of size: ~ 0 KB]
[2023-07-03 11:48:10,695: INFO: common: yaml file: config\config.yaml loaded successfully]
[2023-07-03 11:48:10,700: INFO: common: yaml file: params.yaml loaded successfully]
[2023-07-03 11:48:10,702: INFO: common: created directory at: artifacts]
[2023-07-03 11:48:10,706: INFO: common: created directory at: artifacts/data_ingestion]
[2023-07-03 11:48:40,000: INFO: 1434958058: artifacts/data_ingestion/data.zip download! with following info: 
Connection: close
Content-Length: 7903594
Cache-Control: max-age=300
Content-Security-Policy: default-src 'none'; style-src 'unsafe-inline'; sandbox
Content-Type: application/zip
ETag: "dbc016a060da18070593b83afff580c9b300f0b6ea4147a7988433e04df246ca"
Strict-Transport-Security: max-age=31536000
X-Content-Type-Options: nosniff
X-Frame-Options: deny
X-XSS-Protection: 1; mode=block
X-GitHub-Request-Id: A570:0C79:3170CC8:338FC68:64A264CA
Accept-Ranges: bytes
Date: Mon, 03 Jul 2023 06:18:12 GMT
Via: 1.1 varnish
X-Served-By: cache-mad22079-MAD
X-Cache: HIT
X-Cache-Hits: 0
X-Timer: S1688365092.916729,VS0,VE175
Vary: Authorization,Accept-Encoding,Origin
Access-Control-Allow-Origin: *
Cross-Origin-Resource-Policy: cross-origin
X-Fastly-Request-ID: 2baed150cbdd874ab08fd20e72286eec3a7a1a48
Expires: Mon, 03 Jul 2023 06:23:12 GMT
Source-Age: 0

]
[2023-07-03 11:53:32,872: INFO: common: yaml file: config\config.yaml loaded successfully]
[2023-07-03 11:53:32,876: INFO: common: yaml file: params.yaml loaded successfully]
[2023-07-03 11:53:32,878: INFO: common: created directory at: artifacts]
[2023-07-03 11:53:32,879: INFO: common: created directory at: artifacts/data_transformation]
[2023-07-03 15:37:04,398: INFO: common: yaml file: config\config.yaml loaded successfully]
[2023-07-03 15:37:04,412: INFO: common: yaml file: params.yaml loaded successfully]
[2023-07-03 15:37:04,414: INFO: common: created directory at: artifacts]
[2023-07-03 15:37:04,417: INFO: common: created directory at: artifacts/data_validation]
[2023-07-03 15:42:50,979: INFO: main: >>>>>> stage Data Ingestion stage started <<<<<<]
[2023-07-03 15:42:50,984: INFO: common: yaml file: config\config.yaml loaded successfully]
[2023-07-03 15:42:50,987: INFO: common: yaml file: params.yaml loaded successfully]
[2023-07-03 15:42:50,988: INFO: common: created directory at: artifacts]
[2023-07-03 15:42:50,990: INFO: common: created directory at: artifacts/data_ingestion]
[2023-07-03 15:44:17,857: INFO: data_ingestion: artifacts/data_ingestion/data.zip download! with following info: 
Connection: close
Content-Length: 7903594
Cache-Control: max-age=300
Content-Security-Policy: default-src 'none'; style-src 'unsafe-inline'; sandbox
Content-Type: application/zip
ETag: "dbc016a060da18070593b83afff580c9b300f0b6ea4147a7988433e04df246ca"
Strict-Transport-Security: max-age=31536000
X-Content-Type-Options: nosniff
X-Frame-Options: deny
X-XSS-Protection: 1; mode=block
X-GitHub-Request-Id: E7FA:124C:22DDDB4:245C7EE:64A29F22
Accept-Ranges: bytes
Date: Mon, 03 Jul 2023 10:12:52 GMT
Via: 1.1 varnish
X-Served-By: cache-fra-eddf8230051-FRA
X-Cache: MISS
X-Cache-Hits: 0
X-Timer: S1688379172.510492,VS0,VE909
Vary: Authorization,Accept-Encoding,Origin
Access-Control-Allow-Origin: *
Cross-Origin-Resource-Policy: cross-origin
X-Fastly-Request-ID: 13fe49a7c8782f9ddffef6b5f78ec5c94634292b
Expires: Mon, 03 Jul 2023 10:17:52 GMT
Source-Age: 1

]
[2023-07-03 15:44:18,080: INFO: main: >>>>>> stage Data Ingestion stage completed <<<<<<

x==========x]
[2023-07-03 15:44:18,082: INFO: main: >>>>>> stage Data Validation stage started <<<<<<]
[2023-07-03 15:44:18,087: INFO: common: yaml file: config\config.yaml loaded successfully]
[2023-07-03 15:44:18,093: INFO: common: yaml file: params.yaml loaded successfully]
[2023-07-03 15:44:18,094: INFO: common: created directory at: artifacts]
[2023-07-03 15:44:18,096: INFO: common: created directory at: artifacts/data_validation]
[2023-07-03 15:44:18,103: INFO: main: >>>>>> stage Data Validation stage completed <<<<<<

x==========x]
[2023-07-03 15:44:18,104: INFO: main: >>>>>> stage Data Transformation stage started <<<<<<]
[2023-07-03 15:44:18,110: INFO: common: yaml file: config\config.yaml loaded successfully]
[2023-07-03 15:44:18,114: INFO: common: yaml file: params.yaml loaded successfully]
[2023-07-03 15:44:18,115: INFO: common: created directory at: artifacts]
[2023-07-03 15:44:18,119: INFO: common: created directory at: artifacts/data_transformation]
[2023-07-03 15:44:24,547: INFO: main: >>>>>> stage Data Transformation stage completed <<<<<<

x==========x]
[2023-07-03 19:46:25,761: INFO: common: yaml file: config\config.yaml loaded successfully]
[2023-07-03 19:46:25,770: INFO: common: yaml file: params.yaml loaded successfully]
[2023-07-03 19:46:25,775: INFO: common: created directory at: artifacts]
[2023-07-03 19:46:25,779: INFO: common: created directory at: artifacts/model_trainer]
